# JRE version: Java(TM) SE Runtime Environment (8.0_152-b16) (build 1.8.0_152-b16)
# Java VM: Java HotSpot(TM) 64-Bit Server VM (25.152-b16 mixed mode windows-amd64 compressed oops)
Heap:
 PSYoungGen      total 68096K, used 19405K [0x00000000e0000000, 0x00000000e4e80000, 0x0000000100000000)
  eden space 57344K, 19% used [0x00000000e0000000,0x00000000e0b27208,0x00000000e3800000)
  from space 10752K, 74% used [0x00000000e3800000,0x00000000e3fcc398,0x00000000e4280000)
  to   space 11264K, 0% used [0x00000000e4280000,0x00000000e4280000,0x00000000e4d80000)
 ParOldGen       total 57344K, used 9613K [0x00000000a0000000, 0x00000000a3800000, 0x00000000e0000000)
  object space 57344K, 16% used [0x00000000a0000000,0x00000000a09635a0,0x00000000a3800000)
 Metaspace       used 30291K, capacity 30802K, committed 31104K, reserved 1075200K
  class space    used 4215K, capacity 4366K, committed 4480K, reserved 1048576K
GC Heap History (10 events):
Event: 7.962 GC heap before
{Heap before GC invocations=4 (full 0):
 PSYoungGen      total 37888K, used 37835K [0x00000000e0000000, 0x00000000e2a00000, 0x0000000100000000)
  eden space 32768K, 99% used [0x00000000e0000000,0x00000000e1ff4640,0x00000000e2000000)
  from space 5120K, 99% used [0x00000000e2000000,0x00000000e24fe660,0x00000000e2500000)
  to   space 5120K, 0% used [0x00000000e2500000,0x00000000e2500000,0x00000000e2a00000)
 ParOldGen       total 86016K, used 3686K [0x00000000a0000000, 0x00000000a5400000, 0x00000000e0000000)
  object space 86016K, 4% used [0x00000000a0000000,0x00000000a0399930,0x00000000a5400000)
 Metaspace       used 20789K, capacity 21136K, committed 21248K, reserved 1067008K
  class space    used 2930K, capacity 3053K, committed 3072K, reserved 1048576K
Event: 7.972 GC heap after
Heap after GC invocations=4 (full 0):
 PSYoungGen      total 37888K, used 5101K [0x00000000e0000000, 0x00000000e2a00000, 0x0000000100000000)
  eden space 32768K, 0% used [0x00000000e0000000,0x00000000e0000000,0x00000000e2000000)
  from space 5120K, 99% used [0x00000000e2500000,0x00000000e29fb640,0x00000000e2a00000)
  to   space 5120K, 0% used [0x00000000e2000000,0x00000000e2000000,0x00000000e2500000)
 ParOldGen       total 86016K, used 8394K [0x00000000a0000000, 0x00000000a5400000, 0x00000000e0000000)
  object space 86016K, 9% used [0x00000000a0000000,0x00000000a08328d0,0x00000000a5400000)
 Metaspace       used 20789K, capacity 21136K, committed 21248K, reserved 1067008K
  class space    used 2930K, capacity 3053K, committed 3072K, reserved 1048576K
}
Event: 7.972 GC heap before
{Heap before GC invocations=5 (full 1):
 PSYoungGen      total 37888K, used 5101K [0x00000000e0000000, 0x00000000e2a00000, 0x0000000100000000)
  eden space 32768K, 0% used [0x00000000e0000000,0x00000000e0000000,0x00000000e2000000)
  from space 5120K, 99% used [0x00000000e2500000,0x00000000e29fb640,0x00000000e2a00000)
  to   space 5120K, 0% used [0x00000000e2000000,0x00000000e2000000,0x00000000e2500000)
 ParOldGen       total 86016K, used 8394K [0x00000000a0000000, 0x00000000a5400000, 0x00000000e0000000)
  object space 86016K, 9% used [0x00000000a0000000,0x00000000a08328d0,0x00000000a5400000)
 Metaspace       used 20789K, capacity 21136K, committed 21248K, reserved 1067008K
  class space    used 2930K, capacity 3053K, committed 3072K, reserved 1048576K
Event: 8.002 GC heap after
Heap after GC invocations=5 (full 1):
 PSYoungGen      total 37888K, used 0K [0x00000000e0000000, 0x00000000e2a00000, 0x0000000100000000)
  eden space 32768K, 0% used [0x00000000e0000000,0x00000000e0000000,0x00000000e2000000)
  from space 5120K, 0% used [0x00000000e2500000,0x00000000e2500000,0x00000000e2a00000)
  to   space 5120K, 0% used [0x00000000e2000000,0x00000000e2000000,0x00000000e2500000)
 ParOldGen       total 57344K, used 9589K [0x00000000a0000000, 0x00000000a3800000, 0x00000000e0000000)
  object space 57344K, 16% used [0x00000000a0000000,0x00000000a095d5a0,0x00000000a3800000)
 Metaspace       used 20789K, capacity 21136K, committed 21248K, reserved 1067008K
  class space    used 2930K, capacity 3053K, committed 3072K, reserved 1048576K
}
Event: 8.429 GC heap before
{Heap before GC invocations=6 (full 1):
 PSYoungGen      total 37888K, used 32768K [0x00000000e0000000, 0x00000000e2a00000, 0x0000000100000000)
  eden space 32768K, 100% used [0x00000000e0000000,0x00000000e2000000,0x00000000e2000000)
  from space 5120K, 0% used [0x00000000e2500000,0x00000000e2500000,0x00000000e2a00000)
  to   space 5120K, 0% used [0x00000000e2000000,0x00000000e2000000,0x00000000e2500000)
 ParOldGen       total 57344K, used 9589K [0x00000000a0000000, 0x00000000a3800000, 0x00000000e0000000)
  object space 57344K, 16% used [0x00000000a0000000,0x00000000a095d5a0,0x00000000a3800000)
 Metaspace       used 23564K, capacity 24000K, committed 24192K, reserved 1071104K
  class space    used 3277K, capacity 3383K, committed 3456K, reserved 1048576K
Event: 8.434 GC heap after
Heap after GC invocations=6 (full 1):
 PSYoungGen      total 37888K, used 3808K [0x00000000e0000000, 0x00000000e4d80000, 0x0000000100000000)
  eden space 32768K, 0% used [0x00000000e0000000,0x00000000e0000000,0x00000000e2000000)
  from space 5120K, 74% used [0x00000000e2000000,0x00000000e23b8080,0x00000000e2500000)
  to   space 11264K, 0% used [0x00000000e4280000,0x00000000e4280000,0x00000000e4d80000)
 ParOldGen       total 57344K, used 9597K [0x00000000a0000000, 0x00000000a3800000, 0x00000000e0000000)
  object space 57344K, 16% used [0x00000000a0000000,0x00000000a095f5a0,0x00000000a3800000)
 Metaspace       used 23564K, capacity 24000K, committed 24192K, reserved 1071104K
  class space    used 3277K, capacity 3383K, committed 3456K, reserved 1048576K
}
Event: 8.721 GC heap before
{Heap before GC invocations=7 (full 1):
 PSYoungGen      total 37888K, used 36576K [0x00000000e0000000, 0x00000000e4d80000, 0x0000000100000000)
  eden space 32768K, 100% used [0x00000000e0000000,0x00000000e2000000,0x00000000e2000000)
  from space 5120K, 74% used [0x00000000e2000000,0x00000000e23b8080,0x00000000e2500000)
  to   space 11264K, 0% used [0x00000000e4280000,0x00000000e4280000,0x00000000e4d80000)
 ParOldGen       total 57344K, used 9597K [0x00000000a0000000, 0x00000000a3800000, 0x00000000e0000000)
  object space 57344K, 16% used [0x00000000a0000000,0x00000000a095f5a0,0x00000000a3800000)
 Metaspace       used 25843K, capacity 26350K, committed 26624K, reserved 1073152K
  class space    used 3610K, capacity 3778K, committed 3840K, reserved 1048576K
Event: 8.728 GC heap after
Heap after GC invocations=7 (full 1):
 PSYoungGen      total 68608K, used 5138K [0x00000000e0000000, 0x00000000e4e80000, 0x0000000100000000)
  eden space 57344K, 0% used [0x00000000e0000000,0x00000000e0000000,0x00000000e3800000)
  from space 11264K, 45% used [0x00000000e4280000,0x00000000e47849a0,0x00000000e4d80000)
  to   space 10752K, 0% used [0x00000000e3800000,0x00000000e3800000,0x00000000e4280000)
 ParOldGen       total 57344K, used 9605K [0x00000000a0000000, 0x00000000a3800000, 0x00000000e0000000)
  object space 57344K, 16% used [0x00000000a0000000,0x00000000a09615a0,0x00000000a3800000)
 Metaspace       used 25843K, capacity 26350K, committed 26624K, reserved 1073152K
  class space    used 3610K, capacity 3778K, committed 3840K, reserved 1048576K
}
Event: 9.547 GC heap before
{Heap before GC invocations=8 (full 1):
 PSYoungGen      total 68608K, used 62482K [0x00000000e0000000, 0x00000000e4e80000, 0x0000000100000000)
  eden space 57344K, 100% used [0x00000000e0000000,0x00000000e3800000,0x00000000e3800000)
  from space 11264K, 45% used [0x00000000e4280000,0x00000000e47849a0,0x00000000e4d80000)
  to   space 10752K, 0% used [0x00000000e3800000,0x00000000e3800000,0x00000000e4280000)
 ParOldGen       total 57344K, used 9605K [0x00000000a0000000, 0x00000000a3800000, 0x00000000e0000000)
  object space 57344K, 16% used [0x00000000a0000000,0x00000000a09615a0,0x00000000a3800000)
 Metaspace       used 30180K, capacity 30738K, committed 31104K, reserved 1075200K
  class space    used 4210K, capacity 4366K, committed 4480K, reserved 1048576K
Event: 9.557 GC heap after
Heap after GC invocations=8 (full 1):
 PSYoungGen      total 68096K, used 7984K [0x00000000e0000000, 0x00000000e4e80000, 0x0000000100000000)
  eden space 57344K, 0% used [0x00000000e0000000,0x00000000e0000000,0x00000000e3800000)
  from space 10752K, 74% used [0x00000000e3800000,0x00000000e3fcc398,0x00000000e4280000)
  to   space 11264K, 0% used [0x00000000e4280000,0x00000000e4280000,0x00000000e4d80000)
 ParOldGen       total 57344K, used 9613K [0x00000000a0000000, 0x00000000a3800000, 0x00000000e0000000)
  object space 57344K, 16% used [0x00000000a0000000,0x00000000a09635a0,0x00000000a3800000)
 Metaspace       used 30180K, capacity 30738K, committed 31104K, reserved 1075200K
  class space    used 4210K, capacity 4366K, committed 4480K, reserved 1048576K
}

